opencv_world480.lib(system.obj) : warning LNK4099: PDB '' was not found with 'opencv_world480.lib(system.obj)' or at ''; linking object as if no debug info
opencv_world480.lib(matrix_wrap.obj) : warning LNK4099: PDB '' was not found with 'opencv_world480.lib(matrix_wrap.obj)' or at ''; linking object as if no debug info
opencv_world480.lib(matrix.obj) : warning LNK4099: PDB '' was not found with 'opencv_world480.lib(matrix.obj)' or at ''; linking object as if no debug info
opencv_world480.lib(copy.obj) : warning LNK4099: PDB '' was not found with 'opencv_world480.lib(copy.obj)' or at ''; linking object as if no debug info
opencv_world480.lib(convert.dispatch.obj) : warning LNK4099: PDB '' was not found with 'opencv_world480.lib(convert.dispatch.obj)' or at ''; linking object as if no debug info
opencv_world480.lib(matrix_iterator.obj) : warning LNK4099: PDB '' was not found with 'opencv_world480.lib(matrix_iterator.obj)' or at ''; linking object as if no debug info
opencv_world480.lib(matrix_expressions.obj) : warning LNK4099: PDB '' was not found with 'opencv_world480.lib(matrix_expressions.obj)' or at ''; linking object as if no debug info
opencv_world480.lib(arithm.obj) : warning LNK4099: PDB '' was not found with 'opencv_world480.lib(arithm.obj)' or at ''; linking object as if no debug info
opencv_world480.lib(norm.obj) : warning LNK4099: PDB '' was not found with 'opencv_world480.lib(norm.obj)' or at ''; linking object as if no debug info
opencv_world480.lib(merge.dispatch.obj) : warning LNK4099: PDB '' was not found with 'opencv_world480.lib(merge.dispatch.obj)' or at ''; linking object as if no debug info
opencv_world480.lib(split.dispatch.obj) : warning LNK4099: PDB '' was not found with 'opencv_world480.lib(split.dispatch.obj)' or at ''; linking object as if no debug info
opencv_world480.lib(matrix_transform.obj) : warning LNK4099: PDB '' was not found with 'opencv_world480.lib(matrix_transform.obj)' or at ''; linking object as if no debug info
opencv_world480.lib(matrix_operations.obj) : warning LNK4099: PDB '' was not found with 'opencv_world480.lib(matrix_operations.obj)' or at ''; linking object as if no debug info
opencv_world480.lib(parallel.cpp.obj) : warning LNK4099: PDB '' was not found with 'opencv_world480.lib(parallel.cpp.obj)' or at ''; linking object as if no debug info
opencv_world480.lib(box_filter.dispatch.obj) : warning LNK4099: PDB '' was not found with 'opencv_world480.lib(box_filter.dispatch.obj)' or at ''; linking object as if no debug info
opencv_world480.lib(stackblur.obj) : warning LNK4099: PDB '' was not found with 'opencv_world480.lib(stackblur.obj)' or at ''; linking object as if no debug info
opencv_world480.lib(morph.dispatch.obj) : warning LNK4099: PDB '' was not found with 'opencv_world480.lib(morph.dispatch.obj)' or at ''; linking object as if no debug info
opencv_world480.lib(resize.obj) : warning LNK4099: PDB '' was not found with 'opencv_world480.lib(resize.obj)' or at ''; linking object as if no debug info
opencv_world480.lib(color.obj) : warning LNK4099: PDB '' was not found with 'opencv_world480.lib(color.obj)' or at ''; linking object as if no debug info
opencv_world480.lib(contours.obj) : warning LNK4099: PDB '' was not found with 'opencv_world480.lib(contours.obj)' or at ''; linking object as if no debug info
opencv_world480.lib(shapedescr.obj) : warning LNK4099: PDB '' was not found with 'opencv_world480.lib(shapedescr.obj)' or at ''; linking object as if no debug info
opencv_world480.lib(drawing.obj) : warning LNK4099: PDB '' was not found with 'opencv_world480.lib(drawing.obj)' or at ''; linking object as if no debug info
opencv_world480.lib(cap.obj) : warning LNK4099: PDB '' was not found with 'opencv_world480.lib(cap.obj)' or at ''; linking object as if no debug info
opencv_world480.lib(window.obj) : warning LNK4099: PDB '' was not found with 'opencv_world480.lib(window.obj)' or at ''; linking object as if no debug info
opencv_world480.lib(alloc.obj) : warning LNK4099: PDB '' was not found with 'opencv_world480.lib(alloc.obj)' or at ''; linking object as if no debug info
opencv_world480.lib(ocl.obj) : warning LNK4099: PDB '' was not found with 'opencv_world480.lib(ocl.obj)' or at ''; linking object as if no debug info
opencv_world480.lib(check.obj) : warning LNK4099: PDB '' was not found with 'opencv_world480.lib(check.obj)' or at ''; linking object as if no debug info
opencv_world480.lib(umatrix.obj) : warning LNK4099: PDB '' was not found with 'opencv_world480.lib(umatrix.obj)' or at ''; linking object as if no debug info
opencv_world480.lib(trace.obj) : warning LNK4099: PDB '' was not found with 'opencv_world480.lib(trace.obj)' or at ''; linking object as if no debug info
opencv_world480.lib(channels.obj) : warning LNK4099: PDB '' was not found with 'opencv_world480.lib(channels.obj)' or at ''; linking object as if no debug info
opencv_world480.lib(array.obj) : warning LNK4099: PDB '' was not found with 'opencv_world480.lib(array.obj)' or at ''; linking object as if no debug info
opencv_world480.lib(datastructs.obj) : warning LNK4099: PDB '' was not found with 'opencv_world480.lib(datastructs.obj)' or at ''; linking object as if no debug info
opencv_world480.lib(matrix_c.obj) : warning LNK4099: PDB '' was not found with 'opencv_world480.lib(matrix_c.obj)' or at ''; linking object as if no debug info
opencv_world480.lib(opencl_kernels_core.obj) : warning LNK4099: PDB '' was not found with 'opencv_world480.lib(opencl_kernels_core.obj)' or at ''; linking object as if no debug info
opencv_world480.lib(convert_scale.dispatch.obj) : warning LNK4099: PDB '' was not found with 'opencv_world480.lib(convert_scale.dispatch.obj)' or at ''; linking object as if no debug info
opencv_world480.lib(convert.avx2.obj) : warning LNK4099: PDB '' was not found with 'opencv_world480.lib(convert.avx2.obj)' or at ''; linking object as if no debug info
opencv_world480.lib(matmul.dispatch.obj) : warning LNK4099: PDB '' was not found with 'opencv_world480.lib(matmul.dispatch.obj)' or at ''; linking object as if no debug info
opencv_world480.lib(lapack.obj) : warning LNK4099: PDB '' was not found with 'opencv_world480.lib(lapack.obj)' or at ''; linking object as if no debug info
opencv_world480.lib(logger.obj) : warning LNK4099: PDB '' was not found with 'opencv_world480.lib(logger.obj)' or at ''; linking object as if no debug info
opencv_world480.lib(arithm.dispatch.obj) : warning LNK4099: PDB '' was not found with 'opencv_world480.lib(arithm.dispatch.obj)' or at ''; linking object as if no debug info
opencv_world480.lib(minmax.obj) : warning LNK4099: PDB '' was not found with 'opencv_world480.lib(minmax.obj)' or at ''; linking object as if no debug info
opencv_world480.lib(stat.dispatch.obj) : warning LNK4099: PDB '' was not found with 'opencv_world480.lib(stat.dispatch.obj)' or at ''; linking object as if no debug info
opencv_world480.lib(sum.dispatch.obj) : warning LNK4099: PDB '' was not found with 'opencv_world480.lib(sum.dispatch.obj)' or at ''; linking object as if no debug info
opencv_world480.lib(merge.avx2.obj) : warning LNK4099: PDB '' was not found with 'opencv_world480.lib(merge.avx2.obj)' or at ''; linking object as if no debug info
opencv_world480.lib(split.avx2.obj) : warning LNK4099: PDB '' was not found with 'opencv_world480.lib(split.avx2.obj)' or at ''; linking object as if no debug info
opencv_world480.lib(tables.cpp.obj) : warning LNK4099: PDB '' was not found with 'opencv_world480.lib(tables.cpp.obj)' or at ''; linking object as if no debug info
opencv_world480.lib(rand.obj) : warning LNK4099: PDB '' was not found with 'opencv_world480.lib(rand.obj)' or at ''; linking object as if no debug info
opencv_world480.lib(parallel.cpp.obj) : warning LNK4099: PDB '' was not found with 'opencv_world480.lib(parallel.cpp.obj)' or at ''; linking object as if no debug info
opencv_world480.lib(filter.dispatch.obj) : warning LNK4099: PDB '' was not found with 'opencv_world480.lib(filter.dispatch.obj)' or at ''; linking object as if no debug info
opencv_world480.lib(box_filter.sse4_1.obj) : warning LNK4099: PDB '' was not found with 'opencv_world480.lib(box_filter.sse4_1.obj)' or at ''; linking object as if no debug info
opencv_world480.lib(box_filter.avx2.obj) : warning LNK4099: PDB '' was not found with 'opencv_world480.lib(box_filter.avx2.obj)' or at ''; linking object as if no debug info
opencv_world480.lib(opencl_kernels_imgproc.obj) : warning LNK4099: PDB '' was not found with 'opencv_world480.lib(opencl_kernels_imgproc.obj)' or at ''; linking object as if no debug info
opencv_world480.lib(count_non_zero.dispatch.obj) : warning LNK4099: PDB '' was not found with 'opencv_world480.lib(count_non_zero.dispatch.obj)' or at ''; linking object as if no debug info
opencv_world480.lib(morph.sse4_1.obj) : warning LNK4099: PDB '' was not found with 'opencv_world480.lib(morph.sse4_1.obj)' or at ''; linking object as if no debug info
opencv_world480.lib(morph.avx2.obj) : warning LNK4099: PDB '' was not found with 'opencv_world480.lib(morph.avx2.obj)' or at ''; linking object as if no debug info
opencv_world480.lib(buffer_area.obj) : warning LNK4099: PDB '' was not found with 'opencv_world480.lib(buffer_area.obj)' or at ''; linking object as if no debug info
opencv_world480.lib(resize.avx2.obj) : warning LNK4099: PDB '' was not found with 'opencv_world480.lib(resize.avx2.obj)' or at ''; linking object as if no debug info
opencv_world480.lib(resize.sse4_1.obj) : warning LNK4099: PDB '' was not found with 'opencv_world480.lib(resize.sse4_1.obj)' or at ''; linking object as if no debug info
opencv_world480.lib(softfloat.obj) : warning LNK4099: PDB '' was not found with 'opencv_world480.lib(softfloat.obj)' or at ''; linking object as if no debug info
opencv_world480.lib(demosaicing.obj) : warning LNK4099: PDB '' was not found with 'opencv_world480.lib(demosaicing.obj)' or at ''; linking object as if no debug info
opencv_world480.lib(color_lab.obj) : warning LNK4099: PDB '' was not found with 'opencv_world480.lib(color_lab.obj)' or at ''; linking object as if no debug info
opencv_world480.lib(color_hsv.dispatch.obj) : warning LNK4099: PDB '' was not found with 'opencv_world480.lib(color_hsv.dispatch.obj)' or at ''; linking object as if no debug info
opencv_world480.lib(color_rgb.dispatch.obj) : warning LNK4099: PDB '' was not found with 'opencv_world480.lib(color_rgb.dispatch.obj)' or at ''; linking object as if no debug info
opencv_world480.lib(color_yuv.dispatch.obj) : warning LNK4099: PDB '' was not found with 'opencv_world480.lib(color_yuv.dispatch.obj)' or at ''; linking object as if no debug info
opencv_world480.lib(thresh.obj) : warning LNK4099: PDB '' was not found with 'opencv_world480.lib(thresh.obj)' or at ''; linking object as if no debug info
opencv_world480.lib(approx.obj) : warning LNK4099: PDB '' was not found with 'opencv_world480.lib(approx.obj)' or at ''; linking object as if no debug info
opencv_world480.lib(lda.obj) : warning LNK4099: PDB '' was not found with 'opencv_world480.lib(lda.obj)' or at ''; linking object as if no debug info
opencv_world480.lib(mathfuncs.obj) : warning LNK4099: PDB '' was not found with 'opencv_world480.lib(mathfuncs.obj)' or at ''; linking object as if no debug info
opencv_world480.lib(utils.cpp.obj) : warning LNK4099: PDB '' was not found with 'opencv_world480.lib(utils.cpp.obj)' or at ''; linking object as if no debug info
opencv_world480.lib(hershey_fonts.obj) : warning LNK4099: PDB '' was not found with 'opencv_world480.lib(hershey_fonts.obj)' or at ''; linking object as if no debug info
opencv_world480.lib(videoio_c.obj) : warning LNK4099: PDB '' was not found with 'opencv_world480.lib(videoio_c.obj)' or at ''; linking object as if no debug info
opencv_world480.lib(videoio_registry.obj) : warning LNK4099: PDB '' was not found with 'opencv_world480.lib(videoio_registry.obj)' or at ''; linking object as if no debug info
opencv_world480.lib(window_w32.obj) : warning LNK4099: PDB '' was not found with 'opencv_world480.lib(window_w32.obj)' or at ''; linking object as if no debug info
opencv_world480.lib(backend.cpp.obj) : warning LNK4099: PDB '' was not found with 'opencv_world480.lib(backend.cpp.obj)' or at ''; linking object as if no debug info
opencv_world480.lib(filesystem.obj) : warning LNK4099: PDB '' was not found with 'opencv_world480.lib(filesystem.obj)' or at ''; linking object as if no debug info
opencv_world480.lib(glob.obj) : warning LNK4099: PDB '' was not found with 'opencv_world480.lib(glob.obj)' or at ''; linking object as if no debug info
opencv_world480.lib(opencl_core.obj) : warning LNK4099: PDB '' was not found with 'opencv_world480.lib(opencl_core.obj)' or at ''; linking object as if no debug info
opencv_world480.lib(kmeans.obj) : warning LNK4099: PDB '' was not found with 'opencv_world480.lib(kmeans.obj)' or at ''; linking object as if no debug info
opencv_world480.lib(convert_scale.avx2.obj) : warning LNK4099: PDB '' was not found with 'opencv_world480.lib(convert_scale.avx2.obj)' or at ''; linking object as if no debug info
opencv_world480.lib(pca.obj) : warning LNK4099: PDB '' was not found with 'opencv_world480.lib(pca.obj)' or at ''; linking object as if no debug info
opencv_world480.lib(matmul.sse4_1.obj) : warning LNK4099: PDB '' was not found with 'opencv_world480.lib(matmul.sse4_1.obj)' or at ''; linking object as if no debug info
opencv_world480.lib(matmul.avx2.obj) : warning LNK4099: PDB '' was not found with 'opencv_world480.lib(matmul.avx2.obj)' or at ''; linking object as if no debug info
opencv_world480.lib(matmul.avx512_skx.obj) : warning LNK4099: PDB '' was not found with 'opencv_world480.lib(matmul.avx512_skx.obj)' or at ''; linking object as if no debug info
opencv_world480.lib(matrix_decomp.obj) : warning LNK4099: PDB '' was not found with 'opencv_world480.lib(matrix_decomp.obj)' or at ''; linking object as if no debug info
opencv_world480.lib(logtagmanager.obj) : warning LNK4099: PDB '' was not found with 'opencv_world480.lib(logtagmanager.obj)' or at ''; linking object as if no debug info
opencv_world480.lib(arithm.sse4_1.obj) : warning LNK4099: PDB '' was not found with 'opencv_world480.lib(arithm.sse4_1.obj)' or at ''; linking object as if no debug info
opencv_world480.lib(arithm.avx2.obj) : warning LNK4099: PDB '' was not found with 'opencv_world480.lib(arithm.avx2.obj)' or at ''; linking object as if no debug info
opencv_world480.lib(stat.sse4_2.obj) : warning LNK4099: PDB '' was not found with 'opencv_world480.lib(stat.sse4_2.obj)' or at ''; linking object as if no debug info
opencv_world480.lib(stat.avx2.obj) : warning LNK4099: PDB '' was not found with 'opencv_world480.lib(stat.avx2.obj)' or at ''; linking object as if no debug info
opencv_world480.lib(sum.avx2.obj) : warning LNK4099: PDB '' was not found with 'opencv_world480.lib(sum.avx2.obj)' or at ''; linking object as if no debug info
opencv_world480.lib(datafile.obj) : warning LNK4099: PDB '' was not found with 'opencv_world480.lib(datafile.obj)' or at ''; linking object as if no debug info
opencv_world480.lib(templmatch.obj) : warning LNK4099: PDB '' was not found with 'opencv_world480.lib(templmatch.obj)' or at ''; linking object as if no debug info
opencv_world480.lib(filter.sse4_1.obj) : warning LNK4099: PDB '' was not found with 'opencv_world480.lib(filter.sse4_1.obj)' or at ''; linking object as if no debug info
opencv_world480.lib(filter.avx2.obj) : warning LNK4099: PDB '' was not found with 'opencv_world480.lib(filter.avx2.obj)' or at ''; linking object as if no debug info
opencv_world480.lib(count_non_zero.avx2.obj) : warning LNK4099: PDB '' was not found with 'opencv_world480.lib(count_non_zero.avx2.obj)' or at ''; linking object as if no debug info
opencv_world480.lib(color_hsv.sse4_1.obj) : warning LNK4099: PDB '' was not found with 'opencv_world480.lib(color_hsv.sse4_1.obj)' or at ''; linking object as if no debug info
opencv_world480.lib(color_hsv.avx2.obj) : warning LNK4099: PDB '' was not found with 'opencv_world480.lib(color_hsv.avx2.obj)' or at ''; linking object as if no debug info
opencv_world480.lib(tables.cpp.obj) : warning LNK4099: PDB '' was not found with 'opencv_world480.lib(tables.cpp.obj)' or at ''; linking object as if no debug info
opencv_world480.lib(color_rgb.sse4_1.obj) : warning LNK4099: PDB '' was not found with 'opencv_world480.lib(color_rgb.sse4_1.obj)' or at ''; linking object as if no debug info
opencv_world480.lib(color_rgb.avx2.obj) : warning LNK4099: PDB '' was not found with 'opencv_world480.lib(color_rgb.avx2.obj)' or at ''; linking object as if no debug info
opencv_world480.lib(color_yuv.sse4_1.obj) : warning LNK4099: PDB '' was not found with 'opencv_world480.lib(color_yuv.sse4_1.obj)' or at ''; linking object as if no debug info
opencv_world480.lib(color_yuv.avx2.obj) : warning LNK4099: PDB '' was not found with 'opencv_world480.lib(color_yuv.avx2.obj)' or at ''; linking object as if no debug info
opencv_world480.lib(smooth.dispatch.obj) : warning LNK4099: PDB '' was not found with 'opencv_world480.lib(smooth.dispatch.obj)' or at ''; linking object as if no debug info
opencv_world480.lib(persistence.obj) : warning LNK4099: PDB '' was not found with 'opencv_world480.lib(persistence.obj)' or at ''; linking object as if no debug info
opencv_world480.lib(persistence_types.obj) : warning LNK4099: PDB '' was not found with 'opencv_world480.lib(persistence_types.obj)' or at ''; linking object as if no debug info
opencv_world480.lib(mathfuncs_core.dispatch.obj) : warning LNK4099: PDB '' was not found with 'opencv_world480.lib(mathfuncs_core.dispatch.obj)' or at ''; linking object as if no debug info
opencv_world480.lib(out.obj) : warning LNK4099: PDB '' was not found with 'opencv_world480.lib(out.obj)' or at ''; linking object as if no debug info
opencv_world480.lib(cap_msmf.obj) : warning LNK4099: PDB '' was not found with 'opencv_world480.lib(cap_msmf.obj)' or at ''; linking object as if no debug info
opencv_world480.lib(cap_dshow.obj) : warning LNK4099: PDB '' was not found with 'opencv_world480.lib(cap_dshow.obj)' or at ''; linking object as if no debug info
opencv_world480.lib(cap_images.obj) : warning LNK4099: PDB '' was not found with 'opencv_world480.lib(cap_images.obj)' or at ''; linking object as if no debug info
opencv_world480.lib(cap_mjpeg_decoder.obj) : warning LNK4099: PDB '' was not found with 'opencv_world480.lib(cap_mjpeg_decoder.obj)' or at ''; linking object as if no debug info
opencv_world480.lib(cap_mjpeg_encoder.obj) : warning LNK4099: PDB '' was not found with 'opencv_world480.lib(cap_mjpeg_encoder.obj)' or at ''; linking object as if no debug info
opencv_world480.lib(cap_obsensor_capture.obj) : warning LNK4099: PDB '' was not found with 'opencv_world480.lib(cap_obsensor_capture.obj)' or at ''; linking object as if no debug info
opencv_world480.lib(backend_static.obj) : warning LNK4099: PDB '' was not found with 'opencv_world480.lib(backend_static.obj)' or at ''; linking object as if no debug info
opencv_world480.lib(backend_plugin.obj) : warning LNK4099: PDB '' was not found with 'opencv_world480.lib(backend_plugin.obj)' or at ''; linking object as if no debug info
opencv_world480.lib(loadsave.obj) : warning LNK4099: PDB '' was not found with 'opencv_world480.lib(loadsave.obj)' or at ''; linking object as if no debug info
opencv_world480.lib(logtagconfigparser.obj) : warning LNK4099: PDB '' was not found with 'opencv_world480.lib(logtagconfigparser.obj)' or at ''; linking object as if no debug info
opencv_world480.lib(mean.dispatch.obj) : warning LNK4099: PDB '' was not found with 'opencv_world480.lib(mean.dispatch.obj)' or at ''; linking object as if no debug info
opencv_world480.lib(dxt.obj) : warning LNK4099: PDB '' was not found with 'opencv_world480.lib(dxt.obj)' or at ''; linking object as if no debug info
opencv_world480.lib(sumpixels.dispatch.obj) : warning LNK4099: PDB '' was not found with 'opencv_world480.lib(sumpixels.dispatch.obj)' or at ''; linking object as if no debug info
opencv_world480.lib(median_blur.dispatch.obj) : warning LNK4099: PDB '' was not found with 'opencv_world480.lib(median_blur.dispatch.obj)' or at ''; linking object as if no debug info
opencv_world480.lib(bilateral_filter.dispatch.obj) : warning LNK4099: PDB '' was not found with 'opencv_world480.lib(bilateral_filter.dispatch.obj)' or at ''; linking object as if no debug info
opencv_world480.lib(smooth.avx2.obj) : warning LNK4099: PDB '' was not found with 'opencv_world480.lib(smooth.avx2.obj)' or at ''; linking object as if no debug info
opencv_world480.lib(smooth.sse4_1.obj) : warning LNK4099: PDB '' was not found with 'opencv_world480.lib(smooth.sse4_1.obj)' or at ''; linking object as if no debug info
opencv_world480.lib(persistence_xml.obj) : warning LNK4099: PDB '' was not found with 'opencv_world480.lib(persistence_xml.obj)' or at ''; linking object as if no debug info
opencv_world480.lib(persistence_yml.obj) : warning LNK4099: PDB '' was not found with 'opencv_world480.lib(persistence_yml.obj)' or at ''; linking object as if no debug info
opencv_world480.lib(persistence_json.obj) : warning LNK4099: PDB '' was not found with 'opencv_world480.lib(persistence_json.obj)' or at ''; linking object as if no debug info
opencv_world480.lib(persistence_base64_encoding.obj) : warning LNK4099: PDB '' was not found with 'opencv_world480.lib(persistence_base64_encoding.obj)' or at ''; linking object as if no debug info
opencv_world480.lib(matrix_sparse.obj) : warning LNK4099: PDB '' was not found with 'opencv_world480.lib(matrix_sparse.obj)' or at ''; linking object as if no debug info
opencv_world480.lib(mathfuncs_core.avx.obj) : warning LNK4099: PDB '' was not found with 'opencv_world480.lib(mathfuncs_core.avx.obj)' or at ''; linking object as if no debug info
opencv_world480.lib(mathfuncs_core.avx2.obj) : warning LNK4099: PDB '' was not found with 'opencv_world480.lib(mathfuncs_core.avx2.obj)' or at ''; linking object as if no debug info
opencv_world480.lib(container_avi.obj) : warning LNK4099: PDB '' was not found with 'opencv_world480.lib(container_avi.obj)' or at ''; linking object as if no debug info
opencv_world480.lib(obsensor_uvc_stream_channel.obj) : warning LNK4099: PDB '' was not found with 'opencv_world480.lib(obsensor_uvc_stream_channel.obj)' or at ''; linking object as if no debug info
opencv_world480.lib(exif.obj) : warning LNK4099: PDB '' was not found with 'opencv_world480.lib(exif.obj)' or at ''; linking object as if no debug info
opencv_world480.lib(grfmt_base.obj) : warning LNK4099: PDB '' was not found with 'opencv_world480.lib(grfmt_base.obj)' or at ''; linking object as if no debug info
opencv_world480.lib(grfmt_bmp.obj) : warning LNK4099: PDB '' was not found with 'opencv_world480.lib(grfmt_bmp.obj)' or at ''; linking object as if no debug info
opencv_world480.lib(grfmt_sunras.obj) : warning LNK4099: PDB '' was not found with 'opencv_world480.lib(grfmt_sunras.obj)' or at ''; linking object as if no debug info
opencv_world480.lib(grfmt_jpeg.obj) : warning LNK4099: PDB '' was not found with 'opencv_world480.lib(grfmt_jpeg.obj)' or at ''; linking object as if no debug info
opencv_world480.lib(grfmt_pxm.obj) : warning LNK4099: PDB '' was not found with 'opencv_world480.lib(grfmt_pxm.obj)' or at ''; linking object as if no debug info
opencv_world480.lib(grfmt_pfm.obj) : warning LNK4099: PDB '' was not found with 'opencv_world480.lib(grfmt_pfm.obj)' or at ''; linking object as if no debug info
opencv_world480.lib(grfmt_tiff.obj) : warning LNK4099: PDB '' was not found with 'opencv_world480.lib(grfmt_tiff.obj)' or at ''; linking object as if no debug info
opencv_world480.lib(grfmt_png.obj) : warning LNK4099: PDB '' was not found with 'opencv_world480.lib(grfmt_png.obj)' or at ''; linking object as if no debug info
opencv_world480.lib(grfmt_jpeg2000_openjpeg.obj) : warning LNK4099: PDB '' was not found with 'opencv_world480.lib(grfmt_jpeg2000_openjpeg.obj)' or at ''; linking object as if no debug info
opencv_world480.lib(grfmt_exr.obj) : warning LNK4099: PDB '' was not found with 'opencv_world480.lib(grfmt_exr.obj)' or at ''; linking object as if no debug info
opencv_world480.lib(grfmt_webp.obj) : warning LNK4099: PDB '' was not found with 'opencv_world480.lib(grfmt_webp.obj)' or at ''; linking object as if no debug info
opencv_world480.lib(grfmt_hdr.obj) : warning LNK4099: PDB '' was not found with 'opencv_world480.lib(grfmt_hdr.obj)' or at ''; linking object as if no debug info
opencv_world480.lib(grfmt_pam.obj) : warning LNK4099: PDB '' was not found with 'opencv_world480.lib(grfmt_pam.obj)' or at ''; linking object as if no debug info
opencv_world480.lib(mean.avx2.obj) : warning LNK4099: PDB '' was not found with 'opencv_world480.lib(mean.avx2.obj)' or at ''; linking object as if no debug info
opencv_world480.lib(sumpixels.avx2.obj) : warning LNK4099: PDB '' was not found with 'opencv_world480.lib(sumpixels.avx2.obj)' or at ''; linking object as if no debug info
opencv_world480.lib(sumpixels.avx512_skx.obj) : warning LNK4099: PDB '' was not found with 'opencv_world480.lib(sumpixels.avx512_skx.obj)' or at ''; linking object as if no debug info
opencv_world480.lib(median_blur.sse4_1.obj) : warning LNK4099: PDB '' was not found with 'opencv_world480.lib(median_blur.sse4_1.obj)' or at ''; linking object as if no debug info
opencv_world480.lib(median_blur.avx2.obj) : warning LNK4099: PDB '' was not found with 'opencv_world480.lib(median_blur.avx2.obj)' or at ''; linking object as if no debug info
opencv_world480.lib(bilateral_filter.avx2.obj) : warning LNK4099: PDB '' was not found with 'opencv_world480.lib(bilateral_filter.avx2.obj)' or at ''; linking object as if no debug info
opencv_world480.lib(obsensor_stream_channel_msmf.obj) : warning LNK4099: PDB '' was not found with 'opencv_world480.lib(obsensor_stream_channel_msmf.obj)' or at ''; linking object as if no debug info
opencv_world480.lib(utils.cpp.obj) : warning LNK4099: PDB '' was not found with 'opencv_world480.lib(utils.cpp.obj)' or at ''; linking object as if no debug info
opencv_world480.lib(bitstrm.obj) : warning LNK4099: PDB '' was not found with 'opencv_world480.lib(bitstrm.obj)' or at ''; linking object as if no debug info
opencv_world480.lib(rgbe.obj) : warning LNK4099: PDB '' was not found with 'opencv_world480.lib(rgbe.obj)' or at ''; linking object as if no debug info
zlib.lib(gzwrite.obj) : warning LNK4099: PDB '' was not found with 'zlib.lib(gzwrite.obj)' or at ''; linking object as if no debug info
zlib.lib(gzread.obj) : warning LNK4099: PDB '' was not found with 'zlib.lib(gzread.obj)' or at ''; linking object as if no debug info
zlib.lib(gzlib.obj) : warning LNK4099: PDB '' was not found with 'zlib.lib(gzlib.obj)' or at ''; linking object as if no debug info
zlib.lib(gzclose.obj) : warning LNK4099: PDB '' was not found with 'zlib.lib(gzclose.obj)' or at ''; linking object as if no debug info
zlib.lib(deflate.obj) : warning LNK4099: PDB '' was not found with 'zlib.lib(deflate.obj)' or at ''; linking object as if no debug info
zlib.lib(inflate.obj) : warning LNK4099: PDB '' was not found with 'zlib.lib(inflate.obj)' or at ''; linking object as if no debug info
zlib.lib(trees.obj) : warning LNK4099: PDB '' was not found with 'zlib.lib(trees.obj)' or at ''; linking object as if no debug info
zlib.lib(adler32.obj) : warning LNK4099: PDB '' was not found with 'zlib.lib(adler32.obj)' or at ''; linking object as if no debug info
zlib.lib(crc32.obj) : warning LNK4099: PDB '' was not found with 'zlib.lib(crc32.obj)' or at ''; linking object as if no debug info
zlib.lib(zutil.obj) : warning LNK4099: PDB '' was not found with 'zlib.lib(zutil.obj)' or at ''; linking object as if no debug info
zlib.lib(inftrees.obj) : warning LNK4099: PDB '' was not found with 'zlib.lib(inftrees.obj)' or at ''; linking object as if no debug info
zlib.lib(inffast.obj) : warning LNK4099: PDB '' was not found with 'zlib.lib(inffast.obj)' or at ''; linking object as if no debug info
IlmImf.lib(ImfFrameBuffer.obj) : warning LNK4099: PDB '' was not found with 'IlmImf.lib(ImfFrameBuffer.obj)' or at ''; linking object as if no debug info
IlmImf.lib(ImfHeader.obj) : warning LNK4099: PDB '' was not found with 'IlmImf.lib(ImfHeader.obj)' or at ''; linking object as if no debug info
IlmImf.lib(ImfThreading.obj) : warning LNK4099: PDB '' was not found with 'IlmImf.lib(ImfThreading.obj)' or at ''; linking object as if no debug info
IlmImf.lib(ImfInputFile.obj) : warning LNK4099: PDB '' was not found with 'IlmImf.lib(ImfInputFile.obj)' or at ''; linking object as if no debug info
IlmImf.lib(ImfOutputFile.obj) : warning LNK4099: PDB '' was not found with 'IlmImf.lib(ImfOutputFile.obj)' or at ''; linking object as if no debug info
IlmImf.lib(ImfChannelList.obj) : warning LNK4099: PDB '' was not found with 'IlmImf.lib(ImfChannelList.obj)' or at ''; linking object as if no debug info
IlmImf.lib(ImfChromaticities.obj) : warning LNK4099: PDB '' was not found with 'IlmImf.lib(ImfChromaticities.obj)' or at ''; linking object as if no debug info
IlmImf.lib(ImfStandardAttributes.obj) : warning LNK4099: PDB '' was not found with 'IlmImf.lib(ImfStandardAttributes.obj)' or at ''; linking object as if no debug info
IlmImf.lib(IexBaseExc.obj) : warning LNK4099: PDB '' was not found with 'IlmImf.lib(IexBaseExc.obj)' or at ''; linking object as if no debug info
IlmImf.lib(ImfIO.obj) : warning LNK4099: PDB '' was not found with 'IlmImf.lib(ImfIO.obj)' or at ''; linking object as if no debug info
IlmImf.lib(ImfStdIO.obj) : warning LNK4099: PDB '' was not found with 'IlmImf.lib(ImfStdIO.obj)' or at ''; linking object as if no debug info
IlmImf.lib(ImfCompressor.obj) : warning LNK4099: PDB '' was not found with 'IlmImf.lib(ImfCompressor.obj)' or at ''; linking object as if no debug info
IlmImf.lib(ImfAttribute.obj) : warning LNK4099: PDB '' was not found with 'IlmImf.lib(ImfAttribute.obj)' or at ''; linking object as if no debug info
IlmImf.lib(ImfBoxAttribute.obj) : warning LNK4099: PDB '' was not found with 'IlmImf.lib(ImfBoxAttribute.obj)' or at ''; linking object as if no debug info
IlmImf.lib(ImfChannelListAttribute.obj) : warning LNK4099: PDB '' was not found with 'IlmImf.lib(ImfChannelListAttribute.obj)' or at ''; linking object as if no debug info
IlmImf.lib(ImfChromaticitiesAttribute.obj) : warning LNK4099: PDB '' was not found with 'IlmImf.lib(ImfChromaticitiesAttribute.obj)' or at ''; linking object as if no debug info
IlmImf.lib(ImfCompressionAttribute.obj) : warning LNK4099: PDB '' was not found with 'IlmImf.lib(ImfCompressionAttribute.obj)' or at ''; linking object as if no debug info
IlmImf.lib(ImfDeepImageStateAttribute.obj) : warning LNK4099: PDB '' was not found with 'IlmImf.lib(ImfDeepImageStateAttribute.obj)' or at ''; linking object as if no debug info
IlmImf.lib(ImfDoubleAttribute.obj) : warning LNK4099: PDB '' was not found with 'IlmImf.lib(ImfDoubleAttribute.obj)' or at ''; linking object as if no debug info
IlmImf.lib(ImfDwaCompressor.obj) : warning LNK4099: PDB '' was not found with 'IlmImf.lib(ImfDwaCompressor.obj)' or at ''; linking object as if no debug info
IlmImf.lib(ImfEnvmapAttribute.obj) : warning LNK4099: PDB '' was not found with 'IlmImf.lib(ImfEnvmapAttribute.obj)' or at ''; linking object as if no debug info
IlmImf.lib(ImfFloatAttribute.obj) : warning LNK4099: PDB '' was not found with 'IlmImf.lib(ImfFloatAttribute.obj)' or at ''; linking object as if no debug info
IlmImf.lib(ImfFloatVectorAttribute.obj) : warning LNK4099: PDB '' was not found with 'IlmImf.lib(ImfFloatVectorAttribute.obj)' or at ''; linking object as if no debug info
IlmImf.lib(ImfIntAttribute.obj) : warning LNK4099: PDB '' was not found with 'IlmImf.lib(ImfIntAttribute.obj)' or at ''; linking object as if no debug info
IlmImf.lib(ImfKeyCode.obj) : warning LNK4099: PDB '' was not found with 'IlmImf.lib(ImfKeyCode.obj)' or at ''; linking object as if no debug info
IlmImf.lib(ImfKeyCodeAttribute.obj) : warning LNK4099: PDB '' was not found with 'IlmImf.lib(ImfKeyCodeAttribute.obj)' or at ''; linking object as if no debug info
IlmImf.lib(ImfLineOrderAttribute.obj) : warning LNK4099: PDB '' was not found with 'IlmImf.lib(ImfLineOrderAttribute.obj)' or at ''; linking object as if no debug info
IlmImf.lib(ImfMatrixAttribute.obj) : warning LNK4099: PDB '' was not found with 'IlmImf.lib(ImfMatrixAttribute.obj)' or at ''; linking object as if no debug info
IlmImf.lib(ImfOpaqueAttribute.obj) : warning LNK4099: PDB '' was not found with 'IlmImf.lib(ImfOpaqueAttribute.obj)' or at ''; linking object as if no debug info
IlmImf.lib(ImfPreviewImage.obj) : warning LNK4099: PDB '' was not found with 'IlmImf.lib(ImfPreviewImage.obj)' or at ''; linking object as if no debug info
IlmImf.lib(ImfPreviewImageAttribute.obj) : warning LNK4099: PDB '' was not found with 'IlmImf.lib(ImfPreviewImageAttribute.obj)' or at ''; linking object as if no debug info
IlmImf.lib(ImfRationalAttribute.obj) : warning LNK4099: PDB '' was not found with 'IlmImf.lib(ImfRationalAttribute.obj)' or at ''; linking object as if no debug info
IlmImf.lib(ImfStringAttribute.obj) : warning LNK4099: PDB '' was not found with 'IlmImf.lib(ImfStringAttribute.obj)' or at ''; linking object as if no debug info
IlmImf.lib(ImfStringVectorAttribute.obj) : warning LNK4099: PDB '' was not found with 'IlmImf.lib(ImfStringVectorAttribute.obj)' or at ''; linking object as if no debug info
IlmImf.lib(ImfTileDescriptionAttribute.obj) : warning LNK4099: PDB '' was not found with 'IlmImf.lib(ImfTileDescriptionAttribute.obj)' or at ''; linking object as if no debug info
IlmImf.lib(ImfTimeCode.obj) : warning LNK4099: PDB '' was not found with 'IlmImf.lib(ImfTimeCode.obj)' or at ''; linking object as if no debug info
IlmImf.lib(ImfTimeCodeAttribute.obj) : warning LNK4099: PDB '' was not found with 'IlmImf.lib(ImfTimeCodeAttribute.obj)' or at ''; linking object as if no debug info
IlmImf.lib(ImfVecAttribute.obj) : warning LNK4099: PDB '' was not found with 'IlmImf.lib(ImfVecAttribute.obj)' or at ''; linking object as if no debug info
IlmImf.lib(ImfPartType.obj) : warning LNK4099: PDB '' was not found with 'IlmImf.lib(ImfPartType.obj)' or at ''; linking object as if no debug info
IlmImf.lib(IlmThreadPool.obj) : warning LNK4099: PDB '' was not found with 'IlmImf.lib(IlmThreadPool.obj)' or at ''; linking object as if no debug info
IlmImf.lib(ImfGenericInputFile.obj) : warning LNK4099: PDB '' was not found with 'IlmImf.lib(ImfGenericInputFile.obj)' or at ''; linking object as if no debug info
IlmImf.lib(ImfScanLineInputFile.obj) : warning LNK4099: PDB '' was not found with 'IlmImf.lib(ImfScanLineInputFile.obj)' or at ''; linking object as if no debug info
IlmImf.lib(ImfTiledInputFile.obj) : warning LNK4099: PDB '' was not found with 'IlmImf.lib(ImfTiledInputFile.obj)' or at ''; linking object as if no debug info
IlmImf.lib(ImfMisc.obj) : warning LNK4099: PDB '' was not found with 'IlmImf.lib(ImfMisc.obj)' or at ''; linking object as if no debug info
IlmImf.lib(ImfMultiPartInputFile.obj) : warning LNK4099: PDB '' was not found with 'IlmImf.lib(ImfMultiPartInputFile.obj)' or at ''; linking object as if no debug info
IlmImf.lib(ImfCompositeDeepScanLine.obj) : warning LNK4099: PDB '' was not found with 'IlmImf.lib(ImfCompositeDeepScanLine.obj)' or at ''; linking object as if no debug info
IlmImf.lib(ImfDeepScanLineInputFile.obj) : warning LNK4099: PDB '' was not found with 'IlmImf.lib(ImfDeepScanLineInputFile.obj)' or at ''; linking object as if no debug info
IlmImf.lib(ImfGenericOutputFile.obj) : warning LNK4099: PDB '' was not found with 'IlmImf.lib(ImfGenericOutputFile.obj)' or at ''; linking object as if no debug info
IlmImf.lib(IlmThreadSemaphoreWin32.obj) : warning LNK4099: PDB '' was not found with 'IlmImf.lib(IlmThreadSemaphoreWin32.obj)' or at ''; linking object as if no debug info
IlmImf.lib(IexThrowErrnoExc.obj) : warning LNK4099: PDB '' was not found with 'IlmImf.lib(IexThrowErrnoExc.obj)' or at ''; linking object as if no debug info
IlmImf.lib(ImfRleCompressor.obj) : warning LNK4099: PDB '' was not found with 'IlmImf.lib(ImfRleCompressor.obj)' or at ''; linking object as if no debug info
IlmImf.lib(ImfZipCompressor.obj) : warning LNK4099: PDB '' was not found with 'IlmImf.lib(ImfZipCompressor.obj)' or at ''; linking object as if no debug info
IlmImf.lib(ImfPizCompressor.obj) : warning LNK4099: PDB '' was not found with 'IlmImf.lib(ImfPizCompressor.obj)' or at ''; linking object as if no debug info
IlmImf.lib(ImfPxr24Compressor.obj) : warning LNK4099: PDB '' was not found with 'IlmImf.lib(ImfPxr24Compressor.obj)' or at ''; linking object as if no debug info
IlmImf.lib(ImfB44Compressor.obj) : warning LNK4099: PDB '' was not found with 'IlmImf.lib(ImfB44Compressor.obj)' or at ''; linking object as if no debug info
IlmImf.lib(half.obj) : warning LNK4099: PDB '' was not found with 'IlmImf.lib(half.obj)' or at ''; linking object as if no debug info
IlmImf.lib(ImfZip.obj) : warning LNK4099: PDB '' was not found with 'IlmImf.lib(ImfZip.obj)' or at ''; linking object as if no debug info
IlmImf.lib(ImfSystemSpecific.obj) : warning LNK4099: PDB '' was not found with 'IlmImf.lib(ImfSystemSpecific.obj)' or at ''; linking object as if no debug info
IlmImf.lib(ImfHuf.obj) : warning LNK4099: PDB '' was not found with 'IlmImf.lib(ImfHuf.obj)' or at ''; linking object as if no debug info
IlmImf.lib(ImfRle.obj) : warning LNK4099: PDB '' was not found with 'IlmImf.lib(ImfRle.obj)' or at ''; linking object as if no debug info
IlmImf.lib(dwaLookups.obj) : warning LNK4099: PDB '' was not found with 'IlmImf.lib(dwaLookups.obj)' or at ''; linking object as if no debug info
IlmImf.lib(IlmThread.obj) : warning LNK4099: PDB '' was not found with 'IlmImf.lib(IlmThread.obj)' or at ''; linking object as if no debug info
IlmImf.lib(ImfTiledMisc.obj) : warning LNK4099: PDB '' was not found with 'IlmImf.lib(ImfTiledMisc.obj)' or at ''; linking object as if no debug info
IlmImf.lib(ImfTileOffsets.obj) : warning LNK4099: PDB '' was not found with 'IlmImf.lib(ImfTileOffsets.obj)' or at ''; linking object as if no debug info
IlmImf.lib(ImfConvert.obj) : warning LNK4099: PDB '' was not found with 'IlmImf.lib(ImfConvert.obj)' or at ''; linking object as if no debug info
IlmImf.lib(ImfInputPartData.obj) : warning LNK4099: PDB '' was not found with 'IlmImf.lib(ImfInputPartData.obj)' or at ''; linking object as if no debug info
IlmImf.lib(ImfDeepTiledInputFile.obj) : warning LNK4099: PDB '' was not found with 'IlmImf.lib(ImfDeepTiledInputFile.obj)' or at ''; linking object as if no debug info
IlmImf.lib(ImfDeepScanLineInputPart.obj) : warning LNK4099: PDB '' was not found with 'IlmImf.lib(ImfDeepScanLineInputPart.obj)' or at ''; linking object as if no debug info
IlmImf.lib(ImfDeepFrameBuffer.obj) : warning LNK4099: PDB '' was not found with 'IlmImf.lib(ImfDeepFrameBuffer.obj)' or at ''; linking object as if no debug info
IlmImf.lib(ImfDeepCompositing.obj) : warning LNK4099: PDB '' was not found with 'IlmImf.lib(ImfDeepCompositing.obj)' or at ''; linking object as if no debug info
IlmImf.lib(ImfWav.obj) : warning LNK4099: PDB '' was not found with 'IlmImf.lib(ImfWav.obj)' or at ''; linking object as if no debug info
IlmImf.lib(ImfFastHuf.obj) : warning LNK4099: PDB '' was not found with 'IlmImf.lib(ImfFastHuf.obj)' or at ''; linking object as if no debug info
ippiw.lib(iw_image_op_copy.obj) : warning LNK4099: PDB '' was not found with 'ippiw.lib(iw_image_op_copy.obj)' or at ''; linking object as if no debug info
ippiw.lib(iw_image_op_set.obj) : warning LNK4099: PDB '' was not found with 'ippiw.lib(iw_image_op_set.obj)' or at ''; linking object as if no debug info
ippiw.lib(iw_image_op_copy_merge.obj) : warning LNK4099: PDB '' was not found with 'ippiw.lib(iw_image_op_copy_merge.obj)' or at ''; linking object as if no debug info
ippiw.lib(iw_image_op_copy_split.obj) : warning LNK4099: PDB '' was not found with 'ippiw.lib(iw_image_op_copy_split.obj)' or at ''; linking object as if no debug info
ippiw.lib(iw_core.obj) : warning LNK4099: PDB '' was not found with 'ippiw.lib(iw_core.obj)' or at ''; linking object as if no debug info
ippiw.lib(iw_image.obj) : warning LNK4099: PDB '' was not found with 'ippiw.lib(iw_image.obj)' or at ''; linking object as if no debug info
ippiw.lib(iw_image_transform_mirror.obj) : warning LNK4099: PDB '' was not found with 'ippiw.lib(iw_image_transform_mirror.obj)' or at ''; linking object as if no debug info
ippiw.lib(iw_image_transform_resize.obj) : warning LNK4099: PDB '' was not found with 'ippiw.lib(iw_image_transform_resize.obj)' or at ''; linking object as if no debug info
ippiw.lib(iw_image_transform_warpaffine.obj) : warning LNK4099: PDB '' was not found with 'ippiw.lib(iw_image_transform_warpaffine.obj)' or at ''; linking object as if no debug info
ippiw.lib(iw_image_op_copy_channel.obj) : warning LNK4099: PDB '' was not found with 'ippiw.lib(iw_image_op_copy_channel.obj)' or at ''; linking object as if no debug info
ippiw.lib(iw_image_filter_bilateral.obj) : warning LNK4099: PDB '' was not found with 'ippiw.lib(iw_image_filter_bilateral.obj)' or at ''; linking object as if no debug info
ippiw.lib(iw_image_op_copy_make_border.obj) : warning LNK4099: PDB '' was not found with 'ippiw.lib(iw_image_op_copy_make_border.obj)' or at ''; linking object as if no debug info
ippiw.lib(iw_own.obj) : warning LNK4099: PDB '' was not found with 'ippiw.lib(iw_own.obj)' or at ''; linking object as if no debug info
ittnotify.lib(ittnotify_static.obj) : warning LNK4099: PDB '' was not found with 'ittnotify.lib(ittnotify_static.obj)' or at ''; linking object as if no debug info
libjpeg-turbo.lib(jerror.obj) : warning LNK4099: PDB '' was not found with 'libjpeg-turbo.lib(jerror.obj)' or at ''; linking object as if no debug info
libjpeg-turbo.lib(jcapimin.obj) : warning LNK4099: PDB '' was not found with 'libjpeg-turbo.lib(jcapimin.obj)' or at ''; linking object as if no debug info
libjpeg-turbo.lib(jdapimin.obj) : warning LNK4099: PDB '' was not found with 'libjpeg-turbo.lib(jdapimin.obj)' or at ''; linking object as if no debug info
libjpeg-turbo.lib(jdatadst.obj) : warning LNK4099: PDB '' was not found with 'libjpeg-turbo.lib(jdatadst.obj)' or at ''; linking object as if no debug info
libjpeg-turbo.lib(jdatasrc.obj) : warning LNK4099: PDB '' was not found with 'libjpeg-turbo.lib(jdatasrc.obj)' or at ''; linking object as if no debug info
libjpeg-turbo.lib(jcparam.obj) : warning LNK4099: PDB '' was not found with 'libjpeg-turbo.lib(jcparam.obj)' or at ''; linking object as if no debug info
libjpeg-turbo.lib(jcapistd.obj) : warning LNK4099: PDB '' was not found with 'libjpeg-turbo.lib(jcapistd.obj)' or at ''; linking object as if no debug info
libjpeg-turbo.lib(jdapistd.obj) : warning LNK4099: PDB '' was not found with 'libjpeg-turbo.lib(jdapistd.obj)' or at ''; linking object as if no debug info
libjpeg-turbo.lib(jdmaster.obj) : warning LNK4099: PDB '' was not found with 'libjpeg-turbo.lib(jdmaster.obj)' or at ''; linking object as if no debug info
libjpeg-turbo.lib(jdmarker.obj) : warning LNK4099: PDB '' was not found with 'libjpeg-turbo.lib(jdmarker.obj)' or at ''; linking object as if no debug info
libjpeg-turbo.lib(jcomapi.obj) : warning LNK4099: PDB '' was not found with 'libjpeg-turbo.lib(jcomapi.obj)' or at ''; linking object as if no debug info
libjpeg-turbo.lib(jcmarker.obj) : warning LNK4099: PDB '' was not found with 'libjpeg-turbo.lib(jcmarker.obj)' or at ''; linking object as if no debug info
libjpeg-turbo.lib(jmemmgr.obj) : warning LNK4099: PDB '' was not found with 'libjpeg-turbo.lib(jmemmgr.obj)' or at ''; linking object as if no debug info
libjpeg-turbo.lib(jdinput.obj) : warning LNK4099: PDB '' was not found with 'libjpeg-turbo.lib(jdinput.obj)' or at ''; linking object as if no debug info
libjpeg-turbo.lib(jcinit.obj) : warning LNK4099: PDB '' was not found with 'libjpeg-turbo.lib(jcinit.obj)' or at ''; linking object as if no debug info
libjpeg-turbo.lib(jdsample.obj) : warning LNK4099: PDB '' was not found with 'libjpeg-turbo.lib(jdsample.obj)' or at ''; linking object as if no debug info
libjpeg-turbo.lib(jutils.obj) : warning LNK4099: PDB '' was not found with 'libjpeg-turbo.lib(jutils.obj)' or at ''; linking object as if no debug info
libjpeg-turbo.lib(jdmainct.obj) : warning LNK4099: PDB '' was not found with 'libjpeg-turbo.lib(jdmainct.obj)' or at ''; linking object as if no debug info
libjpeg-turbo.lib(jdcoefct.obj) : warning LNK4099: PDB '' was not found with 'libjpeg-turbo.lib(jdcoefct.obj)' or at ''; linking object as if no debug info
libjpeg-turbo.lib(jdpostct.obj) : warning LNK4099: PDB '' was not found with 'libjpeg-turbo.lib(jdpostct.obj)' or at ''; linking object as if no debug info
libjpeg-turbo.lib(jdhuff.obj) : warning LNK4099: PDB '' was not found with 'libjpeg-turbo.lib(jdhuff.obj)' or at ''; linking object as if no debug info
libjpeg-turbo.lib(jdphuff.obj) : warning LNK4099: PDB '' was not found with 'libjpeg-turbo.lib(jdphuff.obj)' or at ''; linking object as if no debug info
libjpeg-turbo.lib(jdarith.obj) : warning LNK4099: PDB '' was not found with 'libjpeg-turbo.lib(jdarith.obj)' or at ''; linking object as if no debug info
libjpeg-turbo.lib(jddctmgr.obj) : warning LNK4099: PDB '' was not found with 'libjpeg-turbo.lib(jddctmgr.obj)' or at ''; linking object as if no debug info
libjpeg-turbo.lib(jdcolor.obj) : warning LNK4099: PDB '' was not found with 'libjpeg-turbo.lib(jdcolor.obj)' or at ''; linking object as if no debug info
libjpeg-turbo.lib(jquant1.obj) : warning LNK4099: PDB '' was not found with 'libjpeg-turbo.lib(jquant1.obj)' or at ''; linking object as if no debug info
libjpeg-turbo.lib(jquant2.obj) : warning LNK4099: PDB '' was not found with 'libjpeg-turbo.lib(jquant2.obj)' or at ''; linking object as if no debug info
libjpeg-turbo.lib(jdmerge.obj) : warning LNK4099: PDB '' was not found with 'libjpeg-turbo.lib(jdmerge.obj)' or at ''; linking object as if no debug info
libjpeg-turbo.lib(jmemnobs.obj) : warning LNK4099: PDB '' was not found with 'libjpeg-turbo.lib(jmemnobs.obj)' or at ''; linking object as if no debug info
libjpeg-turbo.lib(jcmaster.obj) : warning LNK4099: PDB '' was not found with 'libjpeg-turbo.lib(jcmaster.obj)' or at ''; linking object as if no debug info
libjpeg-turbo.lib(jcmainct.obj) : warning LNK4099: PDB '' was not found with 'libjpeg-turbo.lib(jcmainct.obj)' or at ''; linking object as if no debug info
libjpeg-turbo.lib(jcprepct.obj) : warning LNK4099: PDB '' was not found with 'libjpeg-turbo.lib(jcprepct.obj)' or at ''; linking object as if no debug info
libjpeg-turbo.lib(jccoefct.obj) : warning LNK4099: PDB '' was not found with 'libjpeg-turbo.lib(jccoefct.obj)' or at ''; linking object as if no debug info
libjpeg-turbo.lib(jccolor.obj) : warning LNK4099: PDB '' was not found with 'libjpeg-turbo.lib(jccolor.obj)' or at ''; linking object as if no debug info
libjpeg-turbo.lib(jcsample.obj) : warning LNK4099: PDB '' was not found with 'libjpeg-turbo.lib(jcsample.obj)' or at ''; linking object as if no debug info
libjpeg-turbo.lib(jcdctmgr.obj) : warning LNK4099: PDB '' was not found with 'libjpeg-turbo.lib(jcdctmgr.obj)' or at ''; linking object as if no debug info
libjpeg-turbo.lib(jchuff.obj) : warning LNK4099: PDB '' was not found with 'libjpeg-turbo.lib(jchuff.obj)' or at ''; linking object as if no debug info
libjpeg-turbo.lib(jcphuff.obj) : warning LNK4099: PDB '' was not found with 'libjpeg-turbo.lib(jcphuff.obj)' or at ''; linking object as if no debug info
libjpeg-turbo.lib(jcarith.obj) : warning LNK4099: PDB '' was not found with 'libjpeg-turbo.lib(jcarith.obj)' or at ''; linking object as if no debug info
libjpeg-turbo.lib(jsimd_none.obj) : warning LNK4099: PDB '' was not found with 'libjpeg-turbo.lib(jsimd_none.obj)' or at ''; linking object as if no debug info
libjpeg-turbo.lib(jaricom.obj) : warning LNK4099: PDB '' was not found with 'libjpeg-turbo.lib(jaricom.obj)' or at ''; linking object as if no debug info
libjpeg-turbo.lib(jidctint.obj) : warning LNK4099: PDB '' was not found with 'libjpeg-turbo.lib(jidctint.obj)' or at ''; linking object as if no debug info
libjpeg-turbo.lib(jidctfst.obj) : warning LNK4099: PDB '' was not found with 'libjpeg-turbo.lib(jidctfst.obj)' or at ''; linking object as if no debug info
libjpeg-turbo.lib(jidctflt.obj) : warning LNK4099: PDB '' was not found with 'libjpeg-turbo.lib(jidctflt.obj)' or at ''; linking object as if no debug info
libjpeg-turbo.lib(jidctred.obj) : warning LNK4099: PDB '' was not found with 'libjpeg-turbo.lib(jidctred.obj)' or at ''; linking object as if no debug info
libjpeg-turbo.lib(jfdctint.obj) : warning LNK4099: PDB '' was not found with 'libjpeg-turbo.lib(jfdctint.obj)' or at ''; linking object as if no debug info
libjpeg-turbo.lib(jfdctfst.obj) : warning LNK4099: PDB '' was not found with 'libjpeg-turbo.lib(jfdctfst.obj)' or at ''; linking object as if no debug info
libjpeg-turbo.lib(jfdctflt.obj) : warning LNK4099: PDB '' was not found with 'libjpeg-turbo.lib(jfdctflt.obj)' or at ''; linking object as if no debug info
libopenjp2.lib(image.obj) : warning LNK4099: PDB '' was not found with 'libopenjp2.lib(image.obj)' or at ''; linking object as if no debug info
libopenjp2.lib(cio.obj) : warning LNK4099: PDB '' was not found with 'libopenjp2.lib(cio.obj)' or at ''; linking object as if no debug info
libopenjp2.lib(openjpeg.obj) : warning LNK4099: PDB '' was not found with 'libopenjp2.lib(openjpeg.obj)' or at ''; linking object as if no debug info
libopenjp2.lib(opj_malloc.obj) : warning LNK4099: PDB '' was not found with 'libopenjp2.lib(opj_malloc.obj)' or at ''; linking object as if no debug info
libopenjp2.lib(event.obj) : warning LNK4099: PDB '' was not found with 'libopenjp2.lib(event.obj)' or at ''; linking object as if no debug info
libopenjp2.lib(j2k.obj) : warning LNK4099: PDB '' was not found with 'libopenjp2.lib(j2k.obj)' or at ''; linking object as if no debug info
libopenjp2.lib(jp2.obj) : warning LNK4099: PDB '' was not found with 'libopenjp2.lib(jp2.obj)' or at ''; linking object as if no debug info
libopenjp2.lib(thread.obj) : warning LNK4099: PDB '' was not found with 'libopenjp2.lib(thread.obj)' or at ''; linking object as if no debug info
libopenjp2.lib(function_list.obj) : warning LNK4099: PDB '' was not found with 'libopenjp2.lib(function_list.obj)' or at ''; linking object as if no debug info
libopenjp2.lib(invert.obj) : warning LNK4099: PDB '' was not found with 'libopenjp2.lib(invert.obj)' or at ''; linking object as if no debug info
libopenjp2.lib(pi.obj) : warning LNK4099: PDB '' was not found with 'libopenjp2.lib(pi.obj)' or at ''; linking object as if no debug info
libopenjp2.lib(tcd.obj) : warning LNK4099: PDB '' was not found with 'libopenjp2.lib(tcd.obj)' or at ''; linking object as if no debug info
libopenjp2.lib(dwt.obj) : warning LNK4099: PDB '' was not found with 'libopenjp2.lib(dwt.obj)' or at ''; linking object as if no debug info
libopenjp2.lib(mct.obj) : warning LNK4099: PDB '' was not found with 'libopenjp2.lib(mct.obj)' or at ''; linking object as if no debug info
libopenjp2.lib(tgt.obj) : warning LNK4099: PDB '' was not found with 'libopenjp2.lib(tgt.obj)' or at ''; linking object as if no debug info
libopenjp2.lib(t1.obj) : warning LNK4099: PDB '' was not found with 'libopenjp2.lib(t1.obj)' or at ''; linking object as if no debug info
libopenjp2.lib(t2.obj) : warning LNK4099: PDB '' was not found with 'libopenjp2.lib(t2.obj)' or at ''; linking object as if no debug info
libopenjp2.lib(sparse_array.obj) : warning LNK4099: PDB '' was not found with 'libopenjp2.lib(sparse_array.obj)' or at ''; linking object as if no debug info
libopenjp2.lib(bio.obj) : warning LNK4099: PDB '' was not found with 'libopenjp2.lib(bio.obj)' or at ''; linking object as if no debug info
libopenjp2.lib(mqc.obj) : warning LNK4099: PDB '' was not found with 'libopenjp2.lib(mqc.obj)' or at ''; linking object as if no debug info
libopenjp2.lib(ht_dec.obj) : warning LNK4099: PDB '' was not found with 'libopenjp2.lib(ht_dec.obj)' or at ''; linking object as if no debug info
libpng.lib(pngread.obj) : warning LNK4099: PDB '' was not found with 'libpng.lib(pngread.obj)' or at ''; linking object as if no debug info
libpng.lib(pngwrite.obj) : warning LNK4099: PDB '' was not found with 'libpng.lib(pngwrite.obj)' or at ''; linking object as if no debug info
libpng.lib(pngerror.obj) : warning LNK4099: PDB '' was not found with 'libpng.lib(pngerror.obj)' or at ''; linking object as if no debug info
libpng.lib(png.obj) : warning LNK4099: PDB '' was not found with 'libpng.lib(png.obj)' or at ''; linking object as if no debug info
libpng.lib(pngrtran.obj) : warning LNK4099: PDB '' was not found with 'libpng.lib(pngrtran.obj)' or at ''; linking object as if no debug info
libpng.lib(pngtrans.obj) : warning LNK4099: PDB '' was not found with 'libpng.lib(pngtrans.obj)' or at ''; linking object as if no debug info
libpng.lib(pngwio.obj) : warning LNK4099: PDB '' was not found with 'libpng.lib(pngwio.obj)' or at ''; linking object as if no debug info
libpng.lib(pngrio.obj) : warning LNK4099: PDB '' was not found with 'libpng.lib(pngrio.obj)' or at ''; linking object as if no debug info
libpng.lib(pngget.obj) : warning LNK4099: PDB '' was not found with 'libpng.lib(pngget.obj)' or at ''; linking object as if no debug info
libpng.lib(pngset.obj) : warning LNK4099: PDB '' was not found with 'libpng.lib(pngset.obj)' or at ''; linking object as if no debug info
libpng.lib(pngmem.obj) : warning LNK4099: PDB '' was not found with 'libpng.lib(pngmem.obj)' or at ''; linking object as if no debug info
libpng.lib(pngrutil.obj) : warning LNK4099: PDB '' was not found with 'libpng.lib(pngrutil.obj)' or at ''; linking object as if no debug info
libpng.lib(pngwutil.obj) : warning LNK4099: PDB '' was not found with 'libpng.lib(pngwutil.obj)' or at ''; linking object as if no debug info
libpng.lib(pngwtran.obj) : warning LNK4099: PDB '' was not found with 'libpng.lib(pngwtran.obj)' or at ''; linking object as if no debug info
libpng.lib(intel_init.obj) : warning LNK4099: PDB '' was not found with 'libpng.lib(intel_init.obj)' or at ''; linking object as if no debug info
libpng.lib(filter_sse2_intrinsics.obj) : warning LNK4099: PDB '' was not found with 'libpng.lib(filter_sse2_intrinsics.obj)' or at ''; linking object as if no debug info
libtiff.lib(tif_close.obj) : warning LNK4099: PDB '' was not found with 'libtiff.lib(tif_close.obj)' or at ''; linking object as if no debug info
libtiff.lib(tif_dir.obj) : warning LNK4099: PDB '' was not found with 'libtiff.lib(tif_dir.obj)' or at ''; linking object as if no debug info
libtiff.lib(tif_dirread.obj) : warning LNK4099: PDB '' was not found with 'libtiff.lib(tif_dirread.obj)' or at ''; linking object as if no debug info
libtiff.lib(tif_strip.obj) : warning LNK4099: PDB '' was not found with 'libtiff.lib(tif_strip.obj)' or at ''; linking object as if no debug info
libtiff.lib(tif_open.obj) : warning LNK4099: PDB '' was not found with 'libtiff.lib(tif_open.obj)' or at ''; linking object as if no debug info
libtiff.lib(tif_dirwrite.obj) : warning LNK4099: PDB '' was not found with 'libtiff.lib(tif_dirwrite.obj)' or at ''; linking object as if no debug info
libtiff.lib(tif_read.obj) : warning LNK4099: PDB '' was not found with 'libtiff.lib(tif_read.obj)' or at ''; linking object as if no debug info
libtiff.lib(tif_write.obj) : warning LNK4099: PDB '' was not found with 'libtiff.lib(tif_write.obj)' or at ''; linking object as if no debug info
libtiff.lib(tif_getimage.obj) : warning LNK4099: PDB '' was not found with 'libtiff.lib(tif_getimage.obj)' or at ''; linking object as if no debug info
libtiff.lib(tif_win32.obj) : warning LNK4099: PDB '' was not found with 'libtiff.lib(tif_win32.obj)' or at ''; linking object as if no debug info
libtiff.lib(tif_error.obj) : warning LNK4099: PDB '' was not found with 'libtiff.lib(tif_error.obj)' or at ''; linking object as if no debug info
libtiff.lib(tif_warning.obj) : warning LNK4099: PDB '' was not found with 'libtiff.lib(tif_warning.obj)' or at ''; linking object as if no debug info
libtiff.lib(tif_flush.obj) : warning LNK4099: PDB '' was not found with 'libtiff.lib(tif_flush.obj)' or at ''; linking object as if no debug info
libtiff.lib(tif_dirinfo.obj) : warning LNK4099: PDB '' was not found with 'libtiff.lib(tif_dirinfo.obj)' or at ''; linking object as if no debug info
libtiff.lib(tif_swab.obj) : warning LNK4099: PDB '' was not found with 'libtiff.lib(tif_swab.obj)' or at ''; linking object as if no debug info
libtiff.lib(tif_compress.obj) : warning LNK4099: PDB '' was not found with 'libtiff.lib(tif_compress.obj)' or at ''; linking object as if no debug info
libtiff.lib(tif_aux.obj) : warning LNK4099: PDB '' was not found with 'libtiff.lib(tif_aux.obj)' or at ''; linking object as if no debug info
libtiff.lib(tif_tile.obj) : warning LNK4099: PDB '' was not found with 'libtiff.lib(tif_tile.obj)' or at ''; linking object as if no debug info
libtiff.lib(tif_jpeg.obj) : warning LNK4099: PDB '' was not found with 'libtiff.lib(tif_jpeg.obj)' or at ''; linking object as if no debug info
libtiff.lib(tif_color.obj) : warning LNK4099: PDB '' was not found with 'libtiff.lib(tif_color.obj)' or at ''; linking object as if no debug info
libtiff.lib(tif_codec.obj) : warning LNK4099: PDB '' was not found with 'libtiff.lib(tif_codec.obj)' or at ''; linking object as if no debug info
libtiff.lib(tif_dumpmode.obj) : warning LNK4099: PDB '' was not found with 'libtiff.lib(tif_dumpmode.obj)' or at ''; linking object as if no debug info
libtiff.lib(tif_packbits.obj) : warning LNK4099: PDB '' was not found with 'libtiff.lib(tif_packbits.obj)' or at ''; linking object as if no debug info
libtiff.lib(tif_fax3.obj) : warning LNK4099: PDB '' was not found with 'libtiff.lib(tif_fax3.obj)' or at ''; linking object as if no debug info
libtiff.lib(tif_thunder.obj) : warning LNK4099: PDB '' was not found with 'libtiff.lib(tif_thunder.obj)' or at ''; linking object as if no debug info
libtiff.lib(tif_next.obj) : warning LNK4099: PDB '' was not found with 'libtiff.lib(tif_next.obj)' or at ''; linking object as if no debug info
libtiff.lib(tif_lzw.obj) : warning LNK4099: PDB '' was not found with 'libtiff.lib(tif_lzw.obj)' or at ''; linking object as if no debug info
libtiff.lib(tif_zip.obj) : warning LNK4099: PDB '' was not found with 'libtiff.lib(tif_zip.obj)' or at ''; linking object as if no debug info
libtiff.lib(tif_luv.obj) : warning LNK4099: PDB '' was not found with 'libtiff.lib(tif_luv.obj)' or at ''; linking object as if no debug info
libtiff.lib(tif_fax3sm.obj) : warning LNK4099: PDB '' was not found with 'libtiff.lib(tif_fax3sm.obj)' or at ''; linking object as if no debug info
libtiff.lib(tif_predict.obj) : warning LNK4099: PDB '' was not found with 'libtiff.lib(tif_predict.obj)' or at ''; linking object as if no debug info
libwebp.lib(utils.obj) : warning LNK4099: PDB '' was not found with 'libwebp.lib(utils.obj)' or at ''; linking object as if no debug info
libwebp.lib(webp_dec.obj) : warning LNK4099: PDB '' was not found with 'libwebp.lib(webp_dec.obj)' or at ''; linking object as if no debug info
libwebp.lib(picture_enc.obj) : warning LNK4099: PDB '' was not found with 'libwebp.lib(picture_enc.obj)' or at ''; linking object as if no debug info
libwebp.lib(rescaler_utils.obj) : warning LNK4099: PDB '' was not found with 'libwebp.lib(rescaler_utils.obj)' or at ''; linking object as if no debug info
libwebp.lib(buffer_dec.obj) : warning LNK4099: PDB '' was not found with 'libwebp.lib(buffer_dec.obj)' or at ''; linking object as if no debug info
libwebp.lib(vp8_dec.obj) : warning LNK4099: PDB '' was not found with 'libwebp.lib(vp8_dec.obj)' or at ''; linking object as if no debug info
libwebp.lib(vp8l_dec.obj) : warning LNK4099: PDB '' was not found with 'libwebp.lib(vp8l_dec.obj)' or at ''; linking object as if no debug info
libwebp.lib(io_dec.obj) : warning LNK4099: PDB '' was not found with 'libwebp.lib(io_dec.obj)' or at ''; linking object as if no debug info
libwebp.lib(frame_dec.obj) : warning LNK4099: PDB '' was not found with 'libwebp.lib(frame_dec.obj)' or at ''; linking object as if no debug info
libwebp.lib(config_enc.obj) : warning LNK4099: PDB '' was not found with 'libwebp.lib(config_enc.obj)' or at ''; linking object as if no debug info
libwebp.lib(picture_csp_enc.obj) : warning LNK4099: PDB '' was not found with 'libwebp.lib(picture_csp_enc.obj)' or at ''; linking object as if no debug info
libwebp.lib(webp_enc.obj) : warning LNK4099: PDB '' was not found with 'libwebp.lib(webp_enc.obj)' or at ''; linking object as if no debug info
libwebp.lib(rescaler.obj) : warning LNK4099: PDB '' was not found with 'libwebp.lib(rescaler.obj)' or at ''; linking object as if no debug info
libwebp.lib(alpha_dec.obj) : warning LNK4099: PDB '' was not found with 'libwebp.lib(alpha_dec.obj)' or at ''; linking object as if no debug info
libwebp.lib(bit_reader_utils.obj) : warning LNK4099: PDB '' was not found with 'libwebp.lib(bit_reader_utils.obj)' or at ''; linking object as if no debug info
libwebp.lib(thread_utils.obj) : warning LNK4099: PDB '' was not found with 'libwebp.lib(thread_utils.obj)' or at ''; linking object as if no debug info
libwebp.lib(tree_dec.obj) : warning LNK4099: PDB '' was not found with 'libwebp.lib(tree_dec.obj)' or at ''; linking object as if no debug info
libwebp.lib(quant_dec.obj) : warning LNK4099: PDB '' was not found with 'libwebp.lib(quant_dec.obj)' or at ''; linking object as if no debug info
libwebp.lib(cpu.obj) : warning LNK4099: PDB '' was not found with 'libwebp.lib(cpu.obj)' or at ''; linking object as if no debug info
libwebp.lib(dec.obj) : warning LNK4099: PDB '' was not found with 'libwebp.lib(dec.obj)' or at ''; linking object as if no debug info
libwebp.lib(yuv.obj) : warning LNK4099: PDB '' was not found with 'libwebp.lib(yuv.obj)' or at ''; linking object as if no debug info
libwebp.lib(alpha_processing.obj) : warning LNK4099: PDB '' was not found with 'libwebp.lib(alpha_processing.obj)' or at ''; linking object as if no debug info
libwebp.lib(color_cache_utils.obj) : warning LNK4099: PDB '' was not found with 'libwebp.lib(color_cache_utils.obj)' or at ''; linking object as if no debug info
libwebp.lib(huffman_utils.obj) : warning LNK4099: PDB '' was not found with 'libwebp.lib(huffman_utils.obj)' or at ''; linking object as if no debug info
libwebp.lib(lossless.obj) : warning LNK4099: PDB '' was not found with 'libwebp.lib(lossless.obj)' or at ''; linking object as if no debug info
libwebp.lib(filters.obj) : warning LNK4099: PDB '' was not found with 'libwebp.lib(filters.obj)' or at ''; linking object as if no debug info
libwebp.lib(upsampling.obj) : warning LNK4099: PDB '' was not found with 'libwebp.lib(upsampling.obj)' or at ''; linking object as if no debug info
libwebp.lib(random_utils.obj) : warning LNK4099: PDB '' was not found with 'libwebp.lib(random_utils.obj)' or at ''; linking object as if no debug info
libwebp.lib(enc.obj) : warning LNK4099: PDB '' was not found with 'libwebp.lib(enc.obj)' or at ''; linking object as if no debug info
libwebp.lib(cost.obj) : warning LNK4099: PDB '' was not found with 'libwebp.lib(cost.obj)' or at ''; linking object as if no debug info
libwebp.lib(picture_tools_enc.obj) : warning LNK4099: PDB '' was not found with 'libwebp.lib(picture_tools_enc.obj)' or at ''; linking object as if no debug info
libwebp.lib(token_enc.obj) : warning LNK4099: PDB '' was not found with 'libwebp.lib(token_enc.obj)' or at ''; linking object as if no debug info
libwebp.lib(tree_enc.obj) : warning LNK4099: PDB '' was not found with 'libwebp.lib(tree_enc.obj)' or at ''; linking object as if no debug info
libwebp.lib(syntax_enc.obj) : warning LNK4099: PDB '' was not found with 'libwebp.lib(syntax_enc.obj)' or at ''; linking object as if no debug info
libwebp.lib(frame_enc.obj) : warning LNK4099: PDB '' was not found with 'libwebp.lib(frame_enc.obj)' or at ''; linking object as if no debug info
libwebp.lib(analysis_enc.obj) : warning LNK4099: PDB '' was not found with 'libwebp.lib(analysis_enc.obj)' or at ''; linking object as if no debug info
libwebp.lib(alpha_enc.obj) : warning LNK4099: PDB '' was not found with 'libwebp.lib(alpha_enc.obj)' or at ''; linking object as if no debug info
libwebp.lib(vp8l_enc.obj) : warning LNK4099: PDB '' was not found with 'libwebp.lib(vp8l_enc.obj)' or at ''; linking object as if no debug info
libwebp.lib(rescaler_sse2.obj) : warning LNK4099: PDB '' was not found with 'libwebp.lib(rescaler_sse2.obj)' or at ''; linking object as if no debug info
libwebp.lib(quant_levels_dec_utils.obj) : warning LNK4099: PDB '' was not found with 'libwebp.lib(quant_levels_dec_utils.obj)' or at ''; linking object as if no debug info
libwebp.lib(dec_clip_tables.obj) : warning LNK4099: PDB '' was not found with 'libwebp.lib(dec_clip_tables.obj)' or at ''; linking object as if no debug info
libwebp.lib(dec_sse2.obj) : warning LNK4099: PDB '' was not found with 'libwebp.lib(dec_sse2.obj)' or at ''; linking object as if no debug info
libwebp.lib(dec_sse41.obj) : warning LNK4099: PDB '' was not found with 'libwebp.lib(dec_sse41.obj)' or at ''; linking object as if no debug info
libwebp.lib(yuv_sse2.obj) : warning LNK4099: PDB '' was not found with 'libwebp.lib(yuv_sse2.obj)' or at ''; linking object as if no debug info
libwebp.lib(yuv_sse41.obj) : warning LNK4099: PDB '' was not found with 'libwebp.lib(yuv_sse41.obj)' or at ''; linking object as if no debug info
libwebp.lib(alpha_processing_sse2.obj) : warning LNK4099: PDB '' was not found with 'libwebp.lib(alpha_processing_sse2.obj)' or at ''; linking object as if no debug info
libwebp.lib(alpha_processing_sse41.obj) : warning LNK4099: PDB '' was not found with 'libwebp.lib(alpha_processing_sse41.obj)' or at ''; linking object as if no debug info
libwebp.lib(lossless_sse2.obj) : warning LNK4099: PDB '' was not found with 'libwebp.lib(lossless_sse2.obj)' or at ''; linking object as if no debug info
libwebp.lib(filters_sse2.obj) : warning LNK4099: PDB '' was not found with 'libwebp.lib(filters_sse2.obj)' or at ''; linking object as if no debug info
libwebp.lib(upsampling_sse2.obj) : warning LNK4099: PDB '' was not found with 'libwebp.lib(upsampling_sse2.obj)' or at ''; linking object as if no debug info
libwebp.lib(upsampling_sse41.obj) : warning LNK4099: PDB '' was not found with 'libwebp.lib(upsampling_sse41.obj)' or at ''; linking object as if no debug info
libwebp.lib(enc_sse2.obj) : warning LNK4099: PDB '' was not found with 'libwebp.lib(enc_sse2.obj)' or at ''; linking object as if no debug info
libwebp.lib(enc_sse41.obj) : warning LNK4099: PDB '' was not found with 'libwebp.lib(enc_sse41.obj)' or at ''; linking object as if no debug info
libwebp.lib(cost_sse2.obj) : warning LNK4099: PDB '' was not found with 'libwebp.lib(cost_sse2.obj)' or at ''; linking object as if no debug info
libwebp.lib(bit_writer_utils.obj) : warning LNK4099: PDB '' was not found with 'libwebp.lib(bit_writer_utils.obj)' or at ''; linking object as if no debug info
libwebp.lib(iterator_enc.obj) : warning LNK4099: PDB '' was not found with 'libwebp.lib(iterator_enc.obj)' or at ''; linking object as if no debug info
libwebp.lib(quant_enc.obj) : warning LNK4099: PDB '' was not found with 'libwebp.lib(quant_enc.obj)' or at ''; linking object as if no debug info
libwebp.lib(filter_enc.obj) : warning LNK4099: PDB '' was not found with 'libwebp.lib(filter_enc.obj)' or at ''; linking object as if no debug info
libwebp.lib(cost_enc.obj) : warning LNK4099: PDB '' was not found with 'libwebp.lib(cost_enc.obj)' or at ''; linking object as if no debug info
libwebp.lib(filters_utils.obj) : warning LNK4099: PDB '' was not found with 'libwebp.lib(filters_utils.obj)' or at ''; linking object as if no debug info
libwebp.lib(quant_levels_utils.obj) : warning LNK4099: PDB '' was not found with 'libwebp.lib(quant_levels_utils.obj)' or at ''; linking object as if no debug info
libwebp.lib(backward_references_enc.obj) : warning LNK4099: PDB '' was not found with 'libwebp.lib(backward_references_enc.obj)' or at ''; linking object as if no debug info
libwebp.lib(histogram_enc.obj) : warning LNK4099: PDB '' was not found with 'libwebp.lib(histogram_enc.obj)' or at ''; linking object as if no debug info
libwebp.lib(near_lossless_enc.obj) : warning LNK4099: PDB '' was not found with 'libwebp.lib(near_lossless_enc.obj)' or at ''; linking object as if no debug info
libwebp.lib(predictor_enc.obj) : warning LNK4099: PDB '' was not found with 'libwebp.lib(predictor_enc.obj)' or at ''; linking object as if no debug info
libwebp.lib(lossless_enc.obj) : warning LNK4099: PDB '' was not found with 'libwebp.lib(lossless_enc.obj)' or at ''; linking object as if no debug info
libwebp.lib(huffman_encode_utils.obj) : warning LNK4099: PDB '' was not found with 'libwebp.lib(huffman_encode_utils.obj)' or at ''; linking object as if no debug info
libwebp.lib(ssim.obj) : warning LNK4099: PDB '' was not found with 'libwebp.lib(ssim.obj)' or at ''; linking object as if no debug info
libwebp.lib(backward_references_cost_enc.obj) : warning LNK4099: PDB '' was not found with 'libwebp.lib(backward_references_cost_enc.obj)' or at ''; linking object as if no debug info
libwebp.lib(lossless_enc_sse2.obj) : warning LNK4099: PDB '' was not found with 'libwebp.lib(lossless_enc_sse2.obj)' or at ''; linking object as if no debug info
libwebp.lib(lossless_enc_sse41.obj) : warning LNK4099: PDB '' was not found with 'libwebp.lib(lossless_enc_sse41.obj)' or at ''; linking object as if no debug info
libwebp.lib(ssim_sse2.obj) : warning LNK4099: PDB '' was not found with 'libwebp.lib(ssim_sse2.obj)' or at ''; linking object as if no debug info
zlib.lib(compress.obj) : warning LNK4099: PDB '' was not found with 'zlib.lib(compress.obj)' or at ''; linking object as if no debug info
zlib.lib(uncompr.obj) : warning LNK4099: PDB '' was not found with 'zlib.lib(uncompr.obj)' or at ''; linking object as if no debug info
  OBSPlaginPortraitSegmentation.vcxproj -> Y:\Desktop\GitHub\WorkONNXBackgroundFilter\bin\Release-windows-x86_64\OBSPlaginPortraitSegmentation\OBSPlaginPortraitSegmentation.exe
