  BackgroundFilter.cpp
C:\Users\leonid\source\repos\OBSPlaginPortraitSegmentation\OBSPlaginPortraitSegmentation\BackgroundFilter.h(111,19): warning C4244: 'initializing': conversion from 'double' to 'float', possible loss of data
BackgroundFilter.cpp(211,25): warning C4305: '=': truncation from 'double' to 'float'
BackgroundFilter.cpp(212,25): warning C4305: '=': truncation from 'double' to 'float'
BackgroundFilter.cpp(316,21): warning C4804: '>': unsafe use of type 'bool' in operation
BackgroundFilter.cpp(316,49): warning C4804: '<': unsafe use of type 'bool' in operation
BackgroundFilter.cpp(331,21): warning C4804: '>': unsafe use of type 'bool' in operation
BackgroundFilter.cpp(341,21): warning C4804: '>': unsafe use of type 'bool' in operation
BackgroundFilter.cpp(346,21): warning C4804: '>': unsafe use of type 'bool' in operation
BackgroundFilter.cpp(417,30): warning C4305: 'initializing': truncation from 'double' to 'float'
BackgroundFilter.cpp(418,31): warning C4305: 'initializing': truncation from 'double' to 'float'
BackgroundFilter.cpp(419,31): warning C4305: 'initializing': truncation from 'double' to 'float'
BackgroundFilter.cpp(420,30): warning C4305: 'initializing': truncation from 'double' to 'float'
BackgroundFilter.cpp(421,31): warning C4305: 'initializing': truncation from 'double' to 'float'
BackgroundFilter.cpp(441,37): warning C4244: '=': conversion from 'double' to 'float', possible loss of data
BackgroundFilter.cpp(664,12): warning C4101: 'output': unreferenced local variable
  Generating code
  2 of 1397 functions ( 0.1%) were compiled, the rest were copied from previous compilation.
    0 functions were new in current compilation
    14 functions had inline decision re-evaluated but remain unchanged
  Finished generating code
  OBSPlaginPortraitSegmentation.vcxproj -> C:\Users\leonid\source\repos\OBSPlaginPortraitSegmentation\x64\Release\OBSPlaginPortraitSegmentation.exe
  'pwsh.exe' is not recognized as an internal or external command,
  operable program or batch file.
